{"C:\\Users\\TiZZAR\\Desktop\\projects\\naf\\__tests__\\mockdata\\chat.js": {"path":"C:\\Users\\TiZZAR\\Desktop\\projects\\naf\\__tests__\\mockdata\\chat.js","statementMap":{"0":{"start":{"line":2,"column":0},"end":{"line":2,"column":26}},"1":{"start":{"line":3,"column":0},"end":{"line":3,"column":23}},"2":{"start":{"line":4,"column":14},"end":{"line":4,"column":40}},"3":{"start":{"line":5,"column":0},"end":{"line":5,"column":19}},"4":{"start":{"line":7,"column":4},"end":{"line":23,"column":6}},"5":{"start":{"line":25,"column":0},"end":{"line":27,"column":3}},"6":{"start":{"line":26,"column":4},"end":{"line":26,"column":43}},"7":{"start":{"line":28,"column":0},"end":{"line":28,"column":50}},"8":{"start":{"line":29,"column":0},"end":{"line":29,"column":51}}},"fnMap":{"0":{"name":"createRandomChat","decl":{"start":{"line":6,"column":9},"end":{"line":6,"column":25}},"loc":{"start":{"line":6,"column":28},"end":{"line":24,"column":1}},"line":6},"1":{"name":"(anonymous_1)","decl":{"start":{"line":25,"column":35},"end":{"line":25,"column":36}},"loc":{"start":{"line":25,"column":47},"end":{"line":27,"column":1}},"line":25}},"branchMap":{},"s":{"0":3,"1":3,"2":3,"3":3,"4":90,"5":3,"6":90,"7":3,"8":3},"f":{"0":90,"1":90},"b":{},"_coverageSchema":"1a1c01bbd47fc00a2c39e90264f33305004495a9","hash":"a9f829a22afb9e57636a1513b56071ef6f67745b"}
,"C:\\Users\\TiZZAR\\Desktop\\projects\\naf\\__tests__\\mockdata\\profile.js": {"path":"C:\\Users\\TiZZAR\\Desktop\\projects\\naf\\__tests__\\mockdata\\profile.js","statementMap":{"0":{"start":{"line":2,"column":0},"end":{"line":2,"column":26}},"1":{"start":{"line":3,"column":0},"end":{"line":3,"column":44}},"2":{"start":{"line":4,"column":14},"end":{"line":4,"column":40}},"3":{"start":{"line":6,"column":4},"end":{"line":22,"column":6}},"4":{"start":{"line":24,"column":0},"end":{"line":24,"column":22}},"5":{"start":{"line":25,"column":0},"end":{"line":27,"column":3}},"6":{"start":{"line":26,"column":4},"end":{"line":26,"column":49}},"7":{"start":{"line":28,"column":0},"end":{"line":28,"column":44}},"8":{"start":{"line":29,"column":0},"end":{"line":29,"column":40}},"9":{"start":{"line":30,"column":0},"end":{"line":30,"column":45}},"10":{"start":{"line":31,"column":0},"end":{"line":31,"column":41}},"11":{"start":{"line":32,"column":0},"end":{"line":32,"column":45}},"12":{"start":{"line":33,"column":0},"end":{"line":33,"column":41}},"13":{"start":{"line":34,"column":0},"end":{"line":34,"column":38}}},"fnMap":{"0":{"name":"createRandomProfile","decl":{"start":{"line":5,"column":9},"end":{"line":5,"column":28}},"loc":{"start":{"line":5,"column":31},"end":{"line":23,"column":1}},"line":5},"1":{"name":"(anonymous_1)","decl":{"start":{"line":25,"column":34},"end":{"line":25,"column":35}},"loc":{"start":{"line":25,"column":46},"end":{"line":27,"column":1}},"line":25}},"branchMap":{},"s":{"0":1,"1":1,"2":1,"3":5,"4":1,"5":1,"6":5,"7":1,"8":1,"9":1,"10":1,"11":1,"12":1,"13":1},"f":{"0":5,"1":5},"b":{},"_coverageSchema":"1a1c01bbd47fc00a2c39e90264f33305004495a9","hash":"da3c78a91b72b6cbe894908781423e34bf92dcb9"}
,"C:\\Users\\TiZZAR\\Desktop\\projects\\naf\\__tests__\\unit\\utils\\doNothing.tsx": {"path":"C:\\Users\\TiZZAR\\Desktop\\projects\\naf\\__tests__\\unit\\utils\\doNothing.tsx","statementMap":{"0":{"start":{"line":3,"column":2},"end":{"line":3,"column":9}}},"fnMap":{"0":{"name":"doNothing","decl":{"start":{"line":1,"column":16},"end":{"line":1,"column":25}},"loc":{"start":{"line":1,"column":52},"end":{"line":4,"column":1}},"line":1}},"branchMap":{},"s":{"0":0},"f":{"0":0},"b":{},"_coverageSchema":"1a1c01bbd47fc00a2c39e90264f33305004495a9","hash":"793e8dfb83c0993b81941cea786055ea3a4d5c9e"}
,"C:\\Users\\TiZZAR\\Desktop\\projects\\naf\\__tests__\\unit\\utils\\dummyChat.tsx": {"path":"C:\\Users\\TiZZAR\\Desktop\\projects\\naf\\__tests__\\unit\\utils\\dummyChat.tsx","statementMap":{"0":{"start":{"line":3,"column":31},"end":{"line":16,"column":1}}},"fnMap":{},"branchMap":{},"s":{"0":2},"f":{},"b":{},"_coverageSchema":"1a1c01bbd47fc00a2c39e90264f33305004495a9","hash":"6ce2a797bfddbe09c280d1a22c5f761be2e0677e"}
,"C:\\Users\\TiZZAR\\Desktop\\projects\\naf\\__tests__\\unit\\utils\\themed.tsx": {"path":"C:\\Users\\TiZZAR\\Desktop\\projects\\naf\\__tests__\\unit\\utils\\themed.tsx","statementMap":{"0":{"start":{"line":4,"column":37},"end":{"line":4,"column":75}}},"fnMap":{"0":{"name":"(anonymous_0)","decl":{"start":{"line":4,"column":15},"end":{"line":4,"column":16}},"loc":{"start":{"line":4,"column":37},"end":{"line":4,"column":75}},"line":4}},"branchMap":{},"s":{"0":40},"f":{"0":40},"b":{},"_coverageSchema":"1a1c01bbd47fc00a2c39e90264f33305004495a9","hash":"e1716264b9576789a64ea1da734da0649f449235"}
,"C:\\Users\\TiZZAR\\Desktop\\projects\\naf\\src\\pages\\Chat\\Chat.tsx": {"path":"C:\\Users\\TiZZAR\\Desktop\\projects\\naf\\src\\pages\\Chat\\Chat.tsx","statementMap":{"0":{"start":{"line":28,"column":17},"end":{"line":28,"column":52}},"1":{"start":{"line":29,"column":36},"end":{"line":29,"column":51}},"2":{"start":{"line":30,"column":24},"end":{"line":39,"column":3}},"3":{"start":{"line":33,"column":6},"end":{"line":33,"column":26}},"4":{"start":{"line":34,"column":6},"end":{"line":34,"column":36}},"5":{"start":{"line":37,"column":6},"end":{"line":37,"column":26}},"6":{"start":{"line":40,"column":2},"end":{"line":74,"column":4}},"7":{"start":{"line":58,"column":32},"end":{"line":58,"column":72}},"8":{"start":{"line":68,"column":29},"end":{"line":68,"column":47}}},"fnMap":{"0":{"name":"(anonymous_0)","decl":{"start":{"line":22,"column":15},"end":{"line":22,"column":16}},"loc":{"start":{"line":27,"column":23},"end":{"line":75,"column":1}},"line":27},"1":{"name":"(anonymous_1)","decl":{"start":{"line":32,"column":19},"end":{"line":32,"column":20}},"loc":{"start":{"line":32,"column":50},"end":{"line":35,"column":5}},"line":32},"2":{"name":"(anonymous_2)","decl":{"start":{"line":36,"column":22},"end":{"line":36,"column":23}},"loc":{"start":{"line":36,"column":47},"end":{"line":38,"column":5}},"line":36},"3":{"name":"(anonymous_3)","decl":{"start":{"line":58,"column":20},"end":{"line":58,"column":21}},"loc":{"start":{"line":58,"column":32},"end":{"line":58,"column":72}},"line":58},"4":{"name":"(anonymous_4)","decl":{"start":{"line":68,"column":23},"end":{"line":68,"column":24}},"loc":{"start":{"line":68,"column":29},"end":{"line":68,"column":47}},"line":68}},"branchMap":{},"s":{"0":10,"1":10,"2":10,"3":1,"4":1,"5":1,"6":10,"7":0,"8":3},"f":{"0":10,"1":1,"2":1,"3":0,"4":3},"b":{},"_coverageSchema":"1a1c01bbd47fc00a2c39e90264f33305004495a9","hash":"643d8f9a922b578d745ea29e3df249911fb902be"}
,"C:\\Users\\TiZZAR\\Desktop\\projects\\naf\\src\\pages\\Chat\\MessageComposer.tsx": {"path":"C:\\Users\\TiZZAR\\Desktop\\projects\\naf\\src\\pages\\Chat\\MessageComposer.tsx","statementMap":{"0":{"start":{"line":17,"column":17},"end":{"line":17,"column":44}},"1":{"start":{"line":18,"column":36},"end":{"line":18,"column":48}},"2":{"start":{"line":19,"column":2},"end":{"line":21,"column":34}},"3":{"start":{"line":20,"column":4},"end":{"line":20,"column":50}},"4":{"start":{"line":22,"column":2},"end":{"line":48,"column":4}},"5":{"start":{"line":36,"column":25},"end":{"line":36,"column":66}},"6":{"start":{"line":43,"column":25},"end":{"line":43,"column":63}},"7":{"start":{"line":51,"column":19},"end":{"line":63,"column":4}},"8":{"start":{"line":52,"column":2},"end":{"line":63,"column":4}}},"fnMap":{"0":{"name":"(anonymous_0)","decl":{"start":{"line":16,"column":15},"end":{"line":16,"column":16}},"loc":{"start":{"line":16,"column":52},"end":{"line":49,"column":1}},"line":16},"1":{"name":"(anonymous_1)","decl":{"start":{"line":19,"column":12},"end":{"line":19,"column":13}},"loc":{"start":{"line":19,"column":18},"end":{"line":21,"column":3}},"line":19},"2":{"name":"(anonymous_2)","decl":{"start":{"line":36,"column":19},"end":{"line":36,"column":20}},"loc":{"start":{"line":36,"column":25},"end":{"line":36,"column":66}},"line":36},"3":{"name":"(anonymous_3)","decl":{"start":{"line":43,"column":19},"end":{"line":43,"column":20}},"loc":{"start":{"line":43,"column":25},"end":{"line":43,"column":63}},"line":43},"4":{"name":"(anonymous_4)","decl":{"start":{"line":51,"column":19},"end":{"line":51,"column":20}},"loc":{"start":{"line":52,"column":2},"end":{"line":63,"column":4}},"line":52}},"branchMap":{"0":{"loc":{"start":{"line":20,"column":17},"end":{"line":20,"column":48}},"type":"binary-expr","locations":[{"start":{"line":20,"column":17},"end":{"line":20,"column":42}},{"start":{"line":20,"column":46},"end":{"line":20,"column":48}}],"line":20}},"s":{"0":16,"1":16,"2":16,"3":9,"4":16,"5":2,"6":2,"7":2,"8":16},"f":{"0":16,"1":9,"2":2,"3":2,"4":16},"b":{"0":[9,0]},"_coverageSchema":"1a1c01bbd47fc00a2c39e90264f33305004495a9","hash":"a8082d8d35e49af97f360fa1f38b997a1dec8ba7"}
,"C:\\Users\\TiZZAR\\Desktop\\projects\\naf\\src\\pages\\Chat\\MessageDisplay.tsx": {"path":"C:\\Users\\TiZZAR\\Desktop\\projects\\naf\\src\\pages\\Chat\\MessageDisplay.tsx","statementMap":{"0":{"start":{"line":14,"column":17},"end":{"line":14,"column":68}},"1":{"start":{"line":14,"column":42},"end":{"line":14,"column":67}},"2":{"start":{"line":15,"column":2},"end":{"line":19,"column":4}},"3":{"start":{"line":22,"column":19},"end":{"line":32,"column":4}},"4":{"start":{"line":23,"column":2},"end":{"line":32,"column":4}}},"fnMap":{"0":{"name":"(anonymous_0)","decl":{"start":{"line":13,"column":15},"end":{"line":13,"column":16}},"loc":{"start":{"line":13,"column":64},"end":{"line":20,"column":1}},"line":13},"1":{"name":"(anonymous_1)","decl":{"start":{"line":14,"column":33},"end":{"line":14,"column":34}},"loc":{"start":{"line":14,"column":42},"end":{"line":14,"column":67}},"line":14},"2":{"name":"(anonymous_2)","decl":{"start":{"line":22,"column":19},"end":{"line":22,"column":20}},"loc":{"start":{"line":23,"column":2},"end":{"line":32,"column":4}},"line":23}},"branchMap":{"0":{"loc":{"start":{"line":25,"column":23},"end":{"line":27,"column":37}},"type":"cond-expr","locations":[{"start":{"line":26,"column":10},"end":{"line":26,"column":33}},{"start":{"line":27,"column":10},"end":{"line":27,"column":37}}],"line":25}},"s":{"0":1,"1":1,"2":1,"3":2,"4":1},"f":{"0":1,"1":1,"2":1},"b":{"0":[0,1]},"_coverageSchema":"1a1c01bbd47fc00a2c39e90264f33305004495a9","hash":"9ddc41bd258f9ba491ed7c55f6cfb25e5cf28b52"}
,"C:\\Users\\TiZZAR\\Desktop\\projects\\naf\\src\\pages\\ChatProfile\\ChatProfile.tsx": {"path":"C:\\Users\\TiZZAR\\Desktop\\projects\\naf\\src\\pages\\ChatProfile\\ChatProfile.tsx","statementMap":{"0":{"start":{"line":23,"column":44},"end":{"line":23,"column":59}},"1":{"start":{"line":24,"column":2},"end":{"line":28,"column":14}},"2":{"start":{"line":25,"column":4},"end":{"line":27,"column":5}},"3":{"start":{"line":26,"column":6},"end":{"line":26,"column":30}},"4":{"start":{"line":29,"column":2},"end":{"line":67,"column":4}},"5":{"start":{"line":37,"column":10},"end":{"line":37,"column":79}},"6":{"start":{"line":40,"column":10},"end":{"line":40,"column":33}},"7":{"start":{"line":41,"column":10},"end":{"line":41,"column":25}}},"fnMap":{"0":{"name":"(anonymous_0)","decl":{"start":{"line":17,"column":15},"end":{"line":17,"column":16}},"loc":{"start":{"line":22,"column":23},"end":{"line":68,"column":1}},"line":22},"1":{"name":"(anonymous_1)","decl":{"start":{"line":24,"column":12},"end":{"line":24,"column":13}},"loc":{"start":{"line":24,"column":18},"end":{"line":28,"column":3}},"line":24},"2":{"name":"(anonymous_2)","decl":{"start":{"line":36,"column":17},"end":{"line":36,"column":18}},"loc":{"start":{"line":37,"column":10},"end":{"line":37,"column":79}},"line":37},"3":{"name":"(anonymous_3)","decl":{"start":{"line":39,"column":21},"end":{"line":39,"column":22}},"loc":{"start":{"line":39,"column":27},"end":{"line":42,"column":9}},"line":39}},"branchMap":{"0":{"loc":{"start":{"line":25,"column":4},"end":{"line":27,"column":5}},"type":"if","locations":[{"start":{"line":25,"column":4},"end":{"line":27,"column":5}},{"start":{},"end":{}}],"line":25}},"s":{"0":6,"1":6,"2":5,"3":1,"4":6,"5":1,"6":1,"7":1},"f":{"0":6,"1":5,"2":1,"3":1},"b":{"0":[1,4]},"_coverageSchema":"1a1c01bbd47fc00a2c39e90264f33305004495a9","hash":"8335aa89b71722614265090a72ca260bc2f97e8b"}
,"C:\\Users\\TiZZAR\\Desktop\\projects\\naf\\src\\pages\\ChatProfile\\repository\\remote.tsx": {"path":"C:\\Users\\TiZZAR\\Desktop\\projects\\naf\\src\\pages\\ChatProfile\\repository\\remote.tsx","statementMap":{"0":{"start":{"line":12,"column":4},"end":{"line":25,"column":5}},"1":{"start":{"line":13,"column":6},"end":{"line":19,"column":8}},"2":{"start":{"line":17,"column":36},"end":{"line":17,"column":65}},"3":{"start":{"line":20,"column":6},"end":{"line":22,"column":7}},"4":{"start":{"line":21,"column":8},"end":{"line":21,"column":20}},"5":{"start":{"line":24,"column":6},"end":{"line":24,"column":26}},"6":{"start":{"line":26,"column":4},"end":{"line":26,"column":41}},"7":{"start":{"line":27,"column":4},"end":{"line":27,"column":17}}},"fnMap":{"0":{"name":"(anonymous_0)","decl":{"start":{"line":10,"column":2},"end":{"line":10,"column":3}},"loc":{"start":{"line":10,"column":67},"end":{"line":28,"column":3}},"line":10},"1":{"name":"(anonymous_1)","decl":{"start":{"line":17,"column":26},"end":{"line":17,"column":27}},"loc":{"start":{"line":17,"column":36},"end":{"line":17,"column":65}},"line":17}},"branchMap":{"0":{"loc":{"start":{"line":17,"column":36},"end":{"line":17,"column":65}},"type":"binary-expr","locations":[{"start":{"line":17,"column":36},"end":{"line":17,"column":49}},{"start":{"line":17,"column":53},"end":{"line":17,"column":65}}],"line":17},"1":{"loc":{"start":{"line":20,"column":6},"end":{"line":22,"column":7}},"type":"if","locations":[{"start":{"line":20,"column":6},"end":{"line":22,"column":7}},{"start":{},"end":{}}],"line":20}},"s":{"0":1,"1":1,"2":0,"3":1,"4":1,"5":0,"6":0,"7":0},"f":{"0":1,"1":0},"b":{"0":[0,0],"1":[1,0]},"_coverageSchema":"1a1c01bbd47fc00a2c39e90264f33305004495a9","hash":"416a0d035d9ad94c3a1c5ea8dc83e7bf109b76e0"}
,"C:\\Users\\TiZZAR\\Desktop\\projects\\naf\\src\\pages\\Home\\Home.tsx": {"path":"C:\\Users\\TiZZAR\\Desktop\\projects\\naf\\src\\pages\\Home\\Home.tsx","statementMap":{"0":{"start":{"line":16,"column":24},"end":{"line":31,"column":1}},"1":{"start":{"line":23,"column":2},"end":{"line":30,"column":4}},"2":{"start":{"line":27,"column":21},"end":{"line":27,"column":37}},"3":{"start":{"line":39,"column":17},"end":{"line":39,"column":52}},"4":{"start":{"line":40,"column":2},"end":{"line":64,"column":4}},"5":{"start":{"line":60,"column":10},"end":{"line":60,"column":65}}},"fnMap":{"0":{"name":"(anonymous_0)","decl":{"start":{"line":16,"column":24},"end":{"line":16,"column":25}},"loc":{"start":{"line":22,"column":6},"end":{"line":31,"column":1}},"line":22},"1":{"name":"(anonymous_1)","decl":{"start":{"line":27,"column":15},"end":{"line":27,"column":16}},"loc":{"start":{"line":27,"column":21},"end":{"line":27,"column":37}},"line":27},"2":{"name":"(anonymous_2)","decl":{"start":{"line":33,"column":15},"end":{"line":33,"column":16}},"loc":{"start":{"line":38,"column":26},"end":{"line":65,"column":1}},"line":38},"3":{"name":"(anonymous_3)","decl":{"start":{"line":59,"column":20},"end":{"line":59,"column":21}},"loc":{"start":{"line":60,"column":10},"end":{"line":60,"column":65}},"line":60}},"branchMap":{},"s":{"0":1,"1":20,"2":1,"3":5,"4":5,"5":20},"f":{"0":20,"1":1,"2":5,"3":20},"b":{},"_coverageSchema":"1a1c01bbd47fc00a2c39e90264f33305004495a9","hash":"010a82a15deb589641e0fab2d15f6a19549a0da6"}
,"C:\\Users\\TiZZAR\\Desktop\\projects\\naf\\src\\pages\\Login\\Login.tsx": {"path":"C:\\Users\\TiZZAR\\Desktop\\projects\\naf\\src\\pages\\Login\\Login.tsx","statementMap":{"0":{"start":{"line":25,"column":33},"end":{"line":38,"column":1}},"1":{"start":{"line":26,"column":2},"end":{"line":37,"column":3}},"2":{"start":{"line":28,"column":6},"end":{"line":28,"column":68}},"3":{"start":{"line":30,"column":6},"end":{"line":30,"column":54}},"4":{"start":{"line":32,"column":6},"end":{"line":32,"column":61}},"5":{"start":{"line":34,"column":6},"end":{"line":34,"column":97}},"6":{"start":{"line":36,"column":6},"end":{"line":36,"column":32}},"7":{"start":{"line":41,"column":38},"end":{"line":41,"column":73}},"8":{"start":{"line":42,"column":32},"end":{"line":42,"column":47}},"9":{"start":{"line":43,"column":30},"end":{"line":43,"column":42}},"10":{"start":{"line":44,"column":28},"end":{"line":44,"column":40}},"11":{"start":{"line":45,"column":46},"end":{"line":45,"column":60}},"12":{"start":{"line":47,"column":2},"end":{"line":53,"column":31}},"13":{"start":{"line":48,"column":4},"end":{"line":52,"column":5}},"14":{"start":{"line":49,"column":6},"end":{"line":49,"column":28}},"15":{"start":{"line":51,"column":6},"end":{"line":51,"column":29}},"16":{"start":{"line":55,"column":2},"end":{"line":58,"column":25}},"17":{"start":{"line":56,"column":4},"end":{"line":56,"column":36}},"18":{"start":{"line":57,"column":4},"end":{"line":57,"column":22}},"19":{"start":{"line":60,"column":2},"end":{"line":63,"column":66}},"20":{"start":{"line":61,"column":4},"end":{"line":61,"column":44}},"21":{"start":{"line":62,"column":4},"end":{"line":62,"column":42}},"22":{"start":{"line":65,"column":23},"end":{"line":72,"column":3}},"23":{"start":{"line":66,"column":4},"end":{"line":66,"column":21}},"24":{"start":{"line":67,"column":4},"end":{"line":67,"column":29}},"25":{"start":{"line":68,"column":4},"end":{"line":71,"column":7}},"26":{"start":{"line":74,"column":17},"end":{"line":74,"column":44}},"27":{"start":{"line":75,"column":2},"end":{"line":115,"column":4}},"28":{"start":{"line":118,"column":24},"end":{"line":140,"column":1}},"29":{"start":{"line":126,"column":17},"end":{"line":126,"column":44}},"30":{"start":{"line":127,"column":2},"end":{"line":139,"column":4}},"31":{"start":{"line":131,"column":28},"end":{"line":131,"column":47}},"32":{"start":{"line":142,"column":24},"end":{"line":142,"column":51}},"33":{"start":{"line":144,"column":19},"end":{"line":157,"column":4}},"34":{"start":{"line":145,"column":2},"end":{"line":157,"column":4}}},"fnMap":{"0":{"name":"(anonymous_0)","decl":{"start":{"line":25,"column":33},"end":{"line":25,"column":34}},"loc":{"start":{"line":25,"column":66},"end":{"line":38,"column":1}},"line":25},"1":{"name":"Login","decl":{"start":{"line":40,"column":16},"end":{"line":40,"column":21}},"loc":{"start":{"line":40,"column":49},"end":{"line":116,"column":1}},"line":40},"2":{"name":"(anonymous_2)","decl":{"start":{"line":47,"column":12},"end":{"line":47,"column":13}},"loc":{"start":{"line":47,"column":18},"end":{"line":53,"column":3}},"line":47},"3":{"name":"(anonymous_3)","decl":{"start":{"line":55,"column":12},"end":{"line":55,"column":13}},"loc":{"start":{"line":55,"column":18},"end":{"line":58,"column":3}},"line":55},"4":{"name":"(anonymous_4)","decl":{"start":{"line":60,"column":12},"end":{"line":60,"column":13}},"loc":{"start":{"line":60,"column":18},"end":{"line":63,"column":3}},"line":60},"5":{"name":"(anonymous_5)","decl":{"start":{"line":65,"column":23},"end":{"line":65,"column":24}},"loc":{"start":{"line":65,"column":29},"end":{"line":72,"column":3}},"line":65},"6":{"name":"(anonymous_6)","decl":{"start":{"line":118,"column":24},"end":{"line":118,"column":25}},"loc":{"start":{"line":125,"column":6},"end":{"line":140,"column":1}},"line":125},"7":{"name":"(anonymous_7)","decl":{"start":{"line":131,"column":20},"end":{"line":131,"column":21}},"loc":{"start":{"line":131,"column":28},"end":{"line":131,"column":47}},"line":131},"8":{"name":"(anonymous_8)","decl":{"start":{"line":144,"column":19},"end":{"line":144,"column":20}},"loc":{"start":{"line":145,"column":2},"end":{"line":157,"column":4}},"line":145}},"branchMap":{"0":{"loc":{"start":{"line":26,"column":2},"end":{"line":37,"column":3}},"type":"switch","locations":[{"start":{"line":27,"column":4},"end":{"line":28,"column":68}},{"start":{"line":29,"column":4},"end":{"line":30,"column":54}},{"start":{"line":31,"column":4},"end":{"line":32,"column":61}},{"start":{"line":33,"column":4},"end":{"line":34,"column":97}},{"start":{"line":35,"column":4},"end":{"line":36,"column":32}}],"line":26},"1":{"loc":{"start":{"line":48,"column":4},"end":{"line":52,"column":5}},"type":"if","locations":[{"start":{"line":48,"column":4},"end":{"line":52,"column":5}},{"start":{"line":50,"column":11},"end":{"line":52,"column":5}}],"line":48},"2":{"loc":{"start":{"line":48,"column":8},"end":{"line":48,"column":36}},"type":"binary-expr","locations":[{"start":{"line":48,"column":8},"end":{"line":48,"column":15}},{"start":{"line":48,"column":19},"end":{"line":48,"column":25}},{"start":{"line":48,"column":29},"end":{"line":48,"column":36}}],"line":48}},"s":{"0":2,"1":29,"2":2,"3":2,"4":3,"5":2,"6":20,"7":23,"8":23,"9":23,"10":23,"11":23,"12":23,"13":13,"14":11,"15":2,"16":23,"17":7,"18":7,"19":23,"20":7,"21":7,"22":23,"23":1,"24":1,"25":1,"26":23,"27":23,"28":2,"29":16,"30":16,"31":4,"32":2,"33":2,"34":39},"f":{"0":29,"1":23,"2":13,"3":7,"4":7,"5":1,"6":16,"7":4,"8":39},"b":{"0":[2,2,3,2,20],"1":[11,2],"2":[13,4,3]},"_coverageSchema":"1a1c01bbd47fc00a2c39e90264f33305004495a9","hash":"bcaf9dd1520237de99f4bfaa8dfba40975db8b2d"}
,"C:\\Users\\TiZZAR\\Desktop\\projects\\naf\\src\\pages\\Login\\repository\\remote.tsx": {"path":"C:\\Users\\TiZZAR\\Desktop\\projects\\naf\\src\\pages\\Login\\repository\\remote.tsx","statementMap":{"0":{"start":{"line":14,"column":6},"end":{"line":14,"column":55}},"1":{"start":{"line":15,"column":4},"end":{"line":17,"column":5}},"2":{"start":{"line":16,"column":6},"end":{"line":16,"column":45}},"3":{"start":{"line":18,"column":53},"end":{"line":20,"column":5}},"4":{"start":{"line":22,"column":4},"end":{"line":24,"column":5}},"5":{"start":{"line":23,"column":6},"end":{"line":23,"column":49}},"6":{"start":{"line":27,"column":4},"end":{"line":44,"column":5}},"7":{"start":{"line":28,"column":6},"end":{"line":31,"column":9}},"8":{"start":{"line":30,"column":34},"end":{"line":30,"column":63}},"9":{"start":{"line":32,"column":6},"end":{"line":41,"column":7}},"10":{"start":{"line":33,"column":21},"end":{"line":33,"column":34}},"11":{"start":{"line":34,"column":33},"end":{"line":37,"column":9}},"12":{"start":{"line":38,"column":8},"end":{"line":38,"column":23}},"13":{"start":{"line":39,"column":13},"end":{"line":41,"column":7}},"14":{"start":{"line":40,"column":8},"end":{"line":40,"column":20}},"15":{"start":{"line":43,"column":6},"end":{"line":43,"column":26}},"16":{"start":{"line":45,"column":4},"end":{"line":45,"column":41}},"17":{"start":{"line":46,"column":4},"end":{"line":46,"column":16}}},"fnMap":{"0":{"name":"(anonymous_0)","decl":{"start":{"line":12,"column":2},"end":{"line":12,"column":3}},"loc":{"start":{"line":12,"column":78},"end":{"line":47,"column":3}},"line":12},"1":{"name":"(anonymous_1)","decl":{"start":{"line":30,"column":24},"end":{"line":30,"column":25}},"loc":{"start":{"line":30,"column":34},"end":{"line":30,"column":63}},"line":30}},"branchMap":{"0":{"loc":{"start":{"line":14,"column":6},"end":{"line":14,"column":55}},"type":"binary-expr","locations":[{"start":{"line":14,"column":6},"end":{"line":14,"column":29}},{"start":{"line":14,"column":33},"end":{"line":14,"column":55}}],"line":14},"1":{"loc":{"start":{"line":15,"column":4},"end":{"line":17,"column":5}},"type":"if","locations":[{"start":{"line":15,"column":4},"end":{"line":17,"column":5}},{"start":{},"end":{}}],"line":15},"2":{"loc":{"start":{"line":22,"column":4},"end":{"line":24,"column":5}},"type":"if","locations":[{"start":{"line":22,"column":4},"end":{"line":24,"column":5}},{"start":{},"end":{}}],"line":22},"3":{"loc":{"start":{"line":30,"column":34},"end":{"line":30,"column":63}},"type":"binary-expr","locations":[{"start":{"line":30,"column":34},"end":{"line":30,"column":47}},{"start":{"line":30,"column":51},"end":{"line":30,"column":63}}],"line":30},"4":{"loc":{"start":{"line":32,"column":6},"end":{"line":41,"column":7}},"type":"if","locations":[{"start":{"line":32,"column":6},"end":{"line":41,"column":7}},{"start":{"line":39,"column":13},"end":{"line":41,"column":7}}],"line":32},"5":{"loc":{"start":{"line":39,"column":13},"end":{"line":41,"column":7}},"type":"if","locations":[{"start":{"line":39,"column":13},"end":{"line":41,"column":7}},{"start":{},"end":{}}],"line":39}},"s":{"0":8,"1":8,"2":0,"3":8,"4":8,"5":6,"6":8,"7":8,"8":0,"9":6,"10":1,"11":1,"12":1,"13":5,"14":3,"15":2,"16":2,"17":0},"f":{"0":8,"1":0},"b":{"0":[8,8],"1":[0,8],"2":[6,2],"3":[0,0],"4":[1,5],"5":[3,2]},"_coverageSchema":"1a1c01bbd47fc00a2c39e90264f33305004495a9","hash":"5a354bdc3bbf19789bf891553e7b438f7e90e9f0"}
,"C:\\Users\\TiZZAR\\Desktop\\projects\\naf\\src\\pages\\MyProfile\\MyProfile.tsx": {"path":"C:\\Users\\TiZZAR\\Desktop\\projects\\naf\\src\\pages\\MyProfile\\MyProfile.tsx","statementMap":{"0":{"start":{"line":13,"column":2},"end":{"line":27,"column":4}},"1":{"start":{"line":20,"column":23},"end":{"line":20,"column":78}}},"fnMap":{"0":{"name":"(anonymous_0)","decl":{"start":{"line":12,"column":15},"end":{"line":12,"column":16}},"loc":{"start":{"line":12,"column":71},"end":{"line":28,"column":1}},"line":12},"1":{"name":"(anonymous_1)","decl":{"start":{"line":20,"column":17},"end":{"line":20,"column":18}},"loc":{"start":{"line":20,"column":23},"end":{"line":20,"column":78}},"line":20}},"branchMap":{},"s":{"0":3,"1":1},"f":{"0":3,"1":1},"b":{},"_coverageSchema":"1a1c01bbd47fc00a2c39e90264f33305004495a9","hash":"cc531805ff33dd3710013b9a629aa7be184303cf"}
,"C:\\Users\\TiZZAR\\Desktop\\projects\\naf\\src\\pages\\Preferences\\Preferences.tsx": {"path":"C:\\Users\\TiZZAR\\Desktop\\projects\\naf\\src\\pages\\Preferences\\Preferences.tsx","statementMap":{"0":{"start":{"line":14,"column":17},"end":{"line":14,"column":44}},"1":{"start":{"line":15,"column":2},"end":{"line":26,"column":4}},"2":{"start":{"line":29,"column":19},"end":{"line":35,"column":4}},"3":{"start":{"line":30,"column":2},"end":{"line":35,"column":4}}},"fnMap":{"0":{"name":"Preferences","decl":{"start":{"line":13,"column":16},"end":{"line":13,"column":27}},"loc":{"start":{"line":13,"column":64},"end":{"line":27,"column":1}},"line":13},"1":{"name":"(anonymous_1)","decl":{"start":{"line":29,"column":19},"end":{"line":29,"column":20}},"loc":{"start":{"line":30,"column":2},"end":{"line":35,"column":4}},"line":30}},"branchMap":{},"s":{"0":1,"1":1,"2":1,"3":1},"f":{"0":1,"1":1},"b":{},"_coverageSchema":"1a1c01bbd47fc00a2c39e90264f33305004495a9","hash":"9c007749202308cc0cbddf9b738dc47e9b16f50b"}
,"C:\\Users\\TiZZAR\\Desktop\\projects\\naf\\src\\pages\\Preferences\\ThemePreferences.tsx": {"path":"C:\\Users\\TiZZAR\\Desktop\\projects\\naf\\src\\pages\\Preferences\\ThemePreferences.tsx","statementMap":{"0":{"start":{"line":8,"column":2},"end":{"line":14,"column":4}},"1":{"start":{"line":18,"column":54},"end":{"line":18,"column":64}},"2":{"start":{"line":19,"column":44},"end":{"line":23,"column":3}},"3":{"start":{"line":24,"column":41},"end":{"line":28,"column":3}},"4":{"start":{"line":30,"column":18},"end":{"line":30,"column":71}},"5":{"start":{"line":31,"column":17},"end":{"line":39,"column":4}},"6":{"start":{"line":41,"column":2},"end":{"line":49,"column":4}},"7":{"start":{"line":47,"column":21},"end":{"line":47,"column":45}}},"fnMap":{"0":{"name":"ThemePreferences","decl":{"start":{"line":7,"column":24},"end":{"line":7,"column":40}},"loc":{"start":{"line":7,"column":72},"end":{"line":15,"column":1}},"line":7},"1":{"name":"ThemedToggleButton","decl":{"start":{"line":17,"column":9},"end":{"line":17,"column":27}},"loc":{"start":{"line":17,"column":54},"end":{"line":50,"column":1}},"line":17},"2":{"name":"(anonymous_2)","decl":{"start":{"line":47,"column":15},"end":{"line":47,"column":16}},"loc":{"start":{"line":47,"column":21},"end":{"line":47,"column":45}},"line":47}},"branchMap":{"0":{"loc":{"start":{"line":30,"column":18},"end":{"line":30,"column":71}},"type":"cond-expr","locations":[{"start":{"line":30,"column":40},"end":{"line":30,"column":59}},{"start":{"line":30,"column":62},"end":{"line":30,"column":71}}],"line":30}},"s":{"0":4,"1":12,"2":12,"3":12,"4":12,"5":12,"6":12,"7":3},"f":{"0":4,"1":12,"2":3},"b":{"0":[4,8]},"_coverageSchema":"1a1c01bbd47fc00a2c39e90264f33305004495a9","hash":"247c25f8d546b6a4492da4c7204c9b09eb7c1374"}
,"C:\\Users\\TiZZAR\\Desktop\\projects\\naf\\src\\shared\\styles.tsx": {"path":"C:\\Users\\TiZZAR\\Desktop\\projects\\naf\\src\\shared\\styles.tsx","statementMap":{"0":{"start":{"line":3,"column":15},"end":{"line":21,"column":2}},"1":{"start":{"line":23,"column":27},"end":{"line":31,"column":4}},"2":{"start":{"line":24,"column":2},"end":{"line":31,"column":4}}},"fnMap":{"0":{"name":"(anonymous_0)","decl":{"start":{"line":23,"column":27},"end":{"line":23,"column":28}},"loc":{"start":{"line":24,"column":2},"end":{"line":31,"column":4}},"line":24}},"branchMap":{},"s":{"0":9,"1":9,"2":27},"f":{"0":27},"b":{},"_coverageSchema":"1a1c01bbd47fc00a2c39e90264f33305004495a9","hash":"233322f71871a6310b9189be8d7d8a86984094ec"}
,"C:\\Users\\TiZZAR\\Desktop\\projects\\naf\\src\\shared\\components\\BackToHomeNavigationBar.tsx": {"path":"C:\\Users\\TiZZAR\\Desktop\\projects\\naf\\src\\shared\\components\\BackToHomeNavigationBar.tsx","statementMap":{"0":{"start":{"line":12,"column":22},"end":{"line":12,"column":57}},"1":{"start":{"line":13,"column":2},"end":{"line":22,"column":4}}},"fnMap":{"0":{"name":"(anonymous_0)","decl":{"start":{"line":11,"column":15},"end":{"line":11,"column":16}},"loc":{"start":{"line":11,"column":52},"end":{"line":23,"column":1}},"line":11}},"branchMap":{},"s":{"0":12,"1":12},"f":{"0":12},"b":{},"_coverageSchema":"1a1c01bbd47fc00a2c39e90264f33305004495a9","hash":"233b6120a9ec0b5b92f30c555db842c5217997b3"}
,"C:\\Users\\TiZZAR\\Desktop\\projects\\naf\\src\\shared\\components\\FloatBottomRight.tsx": {"path":"C:\\Users\\TiZZAR\\Desktop\\projects\\naf\\src\\shared\\components\\FloatBottomRight.tsx","statementMap":{"0":{"start":{"line":8,"column":2},"end":{"line":8,"column":70}},"1":{"start":{"line":11,"column":15},"end":{"line":18,"column":2}}},"fnMap":{"0":{"name":"(anonymous_0)","decl":{"start":{"line":7,"column":15},"end":{"line":7,"column":16}},"loc":{"start":{"line":7,"column":52},"end":{"line":9,"column":1}},"line":7}},"branchMap":{},"s":{"0":8,"1":2},"f":{"0":8},"b":{},"_coverageSchema":"1a1c01bbd47fc00a2c39e90264f33305004495a9","hash":"f38c44c62c7f215a9eaf9208a60bb573e8996c7a"}
,"C:\\Users\\TiZZAR\\Desktop\\projects\\naf\\src\\shared\\components\\HorizontalView.tsx": {"path":"C:\\Users\\TiZZAR\\Desktop\\projects\\naf\\src\\shared\\components\\HorizontalView.tsx","statementMap":{"0":{"start":{"line":5,"column":17},"end":{"line":7,"column":4}},"1":{"start":{"line":8,"column":2},"end":{"line":12,"column":4}}},"fnMap":{"0":{"name":"HorizontalView","decl":{"start":{"line":4,"column":24},"end":{"line":4,"column":38}},"loc":{"start":{"line":4,"column":70},"end":{"line":13,"column":1}},"line":4}},"branchMap":{},"s":{"0":21,"1":21},"f":{"0":21},"b":{},"_coverageSchema":"1a1c01bbd47fc00a2c39e90264f33305004495a9","hash":"1d735bb79f1d885f21d20a6b60bf9bc14fcc6de0"}
,"C:\\Users\\TiZZAR\\Desktop\\projects\\naf\\src\\shared\\components\\IconButton.tsx": {"path":"C:\\Users\\TiZZAR\\Desktop\\projects\\naf\\src\\shared\\components\\IconButton.tsx","statementMap":{"0":{"start":{"line":10,"column":18},"end":{"line":10,"column":28}},"1":{"start":{"line":11,"column":17},"end":{"line":11,"column":44}},"2":{"start":{"line":12,"column":2},"end":{"line":18,"column":4}},"3":{"start":{"line":20,"column":19},"end":{"line":25,"column":4}},"4":{"start":{"line":21,"column":2},"end":{"line":25,"column":4}}},"fnMap":{"0":{"name":"(anonymous_0)","decl":{"start":{"line":9,"column":15},"end":{"line":9,"column":16}},"loc":{"start":{"line":9,"column":62},"end":{"line":19,"column":1}},"line":9},"1":{"name":"(anonymous_1)","decl":{"start":{"line":20,"column":19},"end":{"line":20,"column":20}},"loc":{"start":{"line":21,"column":2},"end":{"line":25,"column":4}},"line":21}},"branchMap":{},"s":{"0":50,"1":50,"2":50,"3":3,"4":50},"f":{"0":50,"1":50},"b":{},"_coverageSchema":"1a1c01bbd47fc00a2c39e90264f33305004495a9","hash":"65d9a2fc7ec47ec776bc27bf980ad4b7b141ea7d"}
,"C:\\Users\\TiZZAR\\Desktop\\projects\\naf\\src\\shared\\components\\OnlyShow.tsx": {"path":"C:\\Users\\TiZZAR\\Desktop\\projects\\naf\\src\\shared\\components\\OnlyShow.tsx","statementMap":{"0":{"start":{"line":10,"column":2},"end":{"line":10,"column":38}}},"fnMap":{"0":{"name":"OnlyShow","decl":{"start":{"line":3,"column":24},"end":{"line":3,"column":32}},"loc":{"start":{"line":9,"column":16},"end":{"line":11,"column":1}},"line":9}},"branchMap":{"0":{"loc":{"start":{"line":10,"column":9},"end":{"line":10,"column":37}},"type":"cond-expr","locations":[{"start":{"line":10,"column":14},"end":{"line":10,"column":29}},{"start":{"line":10,"column":32},"end":{"line":10,"column":37}}],"line":10}},"s":{"0":28},"f":{"0":28},"b":{"0":[6,22]},"_coverageSchema":"1a1c01bbd47fc00a2c39e90264f33305004495a9","hash":"caa4613e5dfabe7fb1f969106a43fbed5136c2e3"}
,"C:\\Users\\TiZZAR\\Desktop\\projects\\naf\\src\\shared\\components\\PageBackground.tsx": {"path":"C:\\Users\\TiZZAR\\Desktop\\projects\\naf\\src\\shared\\components\\PageBackground.tsx","statementMap":{"0":{"start":{"line":9,"column":17},"end":{"line":9,"column":44}},"1":{"start":{"line":10,"column":2},"end":{"line":10,"column":73}},"2":{"start":{"line":13,"column":19},"end":{"line":20,"column":4}},"3":{"start":{"line":14,"column":2},"end":{"line":20,"column":4}}},"fnMap":{"0":{"name":"PageBackground","decl":{"start":{"line":8,"column":24},"end":{"line":8,"column":38}},"loc":{"start":{"line":8,"column":66},"end":{"line":11,"column":1}},"line":8},"1":{"name":"(anonymous_1)","decl":{"start":{"line":13,"column":19},"end":{"line":13,"column":20}},"loc":{"start":{"line":14,"column":2},"end":{"line":20,"column":4}},"line":14}},"branchMap":{},"s":{"0":46,"1":46,"2":7,"3":46},"f":{"0":46,"1":46},"b":{},"_coverageSchema":"1a1c01bbd47fc00a2c39e90264f33305004495a9","hash":"e487a9261d2d698b9c3d51080602868bd9e0ab03"}
,"C:\\Users\\TiZZAR\\Desktop\\projects\\naf\\src\\shared\\components\\Show.tsx": {"path":"C:\\Users\\TiZZAR\\Desktop\\projects\\naf\\src\\shared\\components\\Show.tsx","statementMap":{"0":{"start":{"line":12,"column":2},"end":{"line":12,"column":42}}},"fnMap":{"0":{"name":"(anonymous_0)","decl":{"start":{"line":3,"column":15},"end":{"line":3,"column":16}},"loc":{"start":{"line":11,"column":16},"end":{"line":13,"column":1}},"line":11}},"branchMap":{"0":{"loc":{"start":{"line":12,"column":12},"end":{"line":12,"column":37}},"type":"cond-expr","locations":[{"start":{"line":12,"column":17},"end":{"line":12,"column":26}},{"start":{"line":12,"column":29},"end":{"line":12,"column":37}}],"line":12}},"s":{"0":12},"f":{"0":12},"b":{"0":[4,8]},"_coverageSchema":"1a1c01bbd47fc00a2c39e90264f33305004495a9","hash":"7ab91464c6dd754f55d4540e8b508145338e7d12"}
,"C:\\Users\\TiZZAR\\Desktop\\projects\\naf\\src\\shared\\providers\\theme.tsx": {"path":"C:\\Users\\TiZZAR\\Desktop\\projects\\naf\\src\\shared\\providers\\theme.tsx","statementMap":{"0":{"start":{"line":26,"column":69},"end":{"line":30,"column":1}},"1":{"start":{"line":32,"column":29},"end":{"line":44,"column":1}},"2":{"start":{"line":45,"column":30},"end":{"line":57,"column":1}},"3":{"start":{"line":59,"column":21},"end":{"line":59,"column":75}},"4":{"start":{"line":62,"column":22},"end":{"line":62,"column":38}},"5":{"start":{"line":63,"column":23},"end":{"line":63,"column":45}},"6":{"start":{"line":64,"column":26},"end":{"line":73,"column":3}},"7":{"start":{"line":65,"column":4},"end":{"line":72,"column":5}},"8":{"start":{"line":67,"column":8},"end":{"line":67,"column":26}},"9":{"start":{"line":69,"column":8},"end":{"line":69,"column":25}},"10":{"start":{"line":71,"column":8},"end":{"line":71,"column":53}},"11":{"start":{"line":75,"column":4},"end":{"line":75,"column":44}},"12":{"start":{"line":76,"column":31},"end":{"line":78,"column":3}},"13":{"start":{"line":77,"column":4},"end":{"line":77,"column":24}},"14":{"start":{"line":80,"column":24},"end":{"line":84,"column":3}},"15":{"start":{"line":86,"column":2},"end":{"line":90,"column":4}},"16":{"start":{"line":93,"column":17},"end":{"line":96,"column":1}},"17":{"start":{"line":94,"column":18},"end":{"line":94,"column":42}},"18":{"start":{"line":95,"column":2},"end":{"line":95,"column":63}},"19":{"start":{"line":98,"column":24},"end":{"line":101,"column":1}},"20":{"start":{"line":99,"column":18},"end":{"line":99,"column":28}},"21":{"start":{"line":100,"column":2},"end":{"line":100,"column":23}}},"fnMap":{"0":{"name":"ThemeProvider","decl":{"start":{"line":61,"column":9},"end":{"line":61,"column":22}},"loc":{"start":{"line":61,"column":58},"end":{"line":91,"column":1}},"line":61},"1":{"name":"(anonymous_1)","decl":{"start":{"line":64,"column":26},"end":{"line":64,"column":27}},"loc":{"start":{"line":64,"column":48},"end":{"line":73,"column":3}},"line":64},"2":{"name":"(anonymous_2)","decl":{"start":{"line":76,"column":31},"end":{"line":76,"column":32}},"loc":{"start":{"line":76,"column":53},"end":{"line":78,"column":3}},"line":76},"3":{"name":"(anonymous_3)","decl":{"start":{"line":93,"column":17},"end":{"line":93,"column":18}},"loc":{"start":{"line":93,"column":41},"end":{"line":96,"column":1}},"line":93},"4":{"name":"(anonymous_4)","decl":{"start":{"line":98,"column":24},"end":{"line":98,"column":25}},"loc":{"start":{"line":98,"column":63},"end":{"line":101,"column":1}},"line":98}},"branchMap":{"0":{"loc":{"start":{"line":65,"column":4},"end":{"line":72,"column":5}},"type":"switch","locations":[{"start":{"line":66,"column":6},"end":{"line":67,"column":26}},{"start":{"line":68,"column":6},"end":{"line":69,"column":25}},{"start":{"line":70,"column":6},"end":{"line":71,"column":53}}],"line":65},"1":{"loc":{"start":{"line":71,"column":15},"end":{"line":71,"column":52}},"type":"cond-expr","locations":[{"start":{"line":71,"column":30},"end":{"line":71,"column":39}},{"start":{"line":71,"column":42},"end":{"line":71,"column":52}}],"line":71}},"s":{"0":13,"1":13,"2":13,"3":13,"4":46,"5":46,"6":46,"7":46,"8":1,"9":1,"10":44,"11":46,"12":46,"13":4,"14":46,"15":46,"16":13,"17":248,"18":248,"19":13,"20":180,"21":180},"f":{"0":46,"1":46,"2":4,"3":248,"4":180},"b":{"0":[1,1,44],"1":[3,41]},"_coverageSchema":"1a1c01bbd47fc00a2c39e90264f33305004495a9","hash":"d1ca2e70a41d4873d9cf1c935d71793273195695"}
,"C:\\Users\\TiZZAR\\Desktop\\projects\\naf\\src\\shared\\repository\\remote.tsx": {"path":"C:\\Users\\TiZZAR\\Desktop\\projects\\naf\\src\\shared\\repository\\remote.tsx","statementMap":{"0":{"start":{"line":4,"column":18},"end":{"line":4,"column":20}},"1":{"start":{"line":5,"column":17},"end":{"line":5,"column":19}},"2":{"start":{"line":6,"column":60},"end":{"line":6,"column":62}},"3":{"start":{"line":9,"column":4},"end":{"line":9,"column":37}},"4":{"start":{"line":10,"column":4},"end":{"line":10,"column":35}},"5":{"start":{"line":11,"column":31},"end":{"line":13,"column":5}},"6":{"start":{"line":14,"column":4},"end":{"line":16,"column":6}}},"fnMap":{"0":{"name":"(anonymous_0)","decl":{"start":{"line":8,"column":2},"end":{"line":8,"column":3}},"loc":{"start":{"line":8,"column":61},"end":{"line":17,"column":3}},"line":8}},"branchMap":{},"s":{"0":2,"1":2,"2":2,"3":2,"4":2,"5":2,"6":2},"f":{"0":2},"b":{},"_coverageSchema":"1a1c01bbd47fc00a2c39e90264f33305004495a9","hash":"4a7c6eb9d3128e2e486c8eb812d23c1e9782666f"}
,"C:\\Users\\TiZZAR\\Desktop\\projects\\naf\\src\\shared\\routes\\server.tsx": {"path":"C:\\Users\\TiZZAR\\Desktop\\projects\\naf\\src\\shared\\routes\\server.tsx","statementMap":{"0":{"start":{"line":2,"column":26},"end":{"line":2,"column":56}}},"fnMap":{},"branchMap":{},"s":{"0":2},"f":{},"b":{},"_coverageSchema":"1a1c01bbd47fc00a2c39e90264f33305004495a9","hash":"53083baf5b1bb3bd85742e65e5de0701877caadb"}
,"C:\\Users\\TiZZAR\\Desktop\\projects\\naf\\src\\shared\\utils\\logger.tsx": {"path":"C:\\Users\\TiZZAR\\Desktop\\projects\\naf\\src\\shared\\utils\\logger.tsx","statementMap":{"0":{"start":{"line":2,"column":16},"end":{"line":2,"column":37}},"1":{"start":{"line":8,"column":2},"end":{"line":8,"column":39}}},"fnMap":{"0":{"name":"log","decl":{"start":{"line":3,"column":9},"end":{"line":3,"column":12}},"loc":{"start":{"line":7,"column":2},"end":{"line":9,"column":1}},"line":7}},"branchMap":{},"s":{"0":2,"1":4},"f":{"0":4},"b":{},"_coverageSchema":"1a1c01bbd47fc00a2c39e90264f33305004495a9","hash":"1092a200c71573b09402109001bb8cc1d0a5c7e7"}
,"C:\\Users\\TiZZAR\\Desktop\\projects\\naf\\src\\shared\\utils\\remoteRepository.tsx": {"path":"C:\\Users\\TiZZAR\\Desktop\\projects\\naf\\src\\shared\\utils\\remoteRepository.tsx","statementMap":{"0":{"start":{"line":4,"column":25},"end":{"line":12,"column":1}},"1":{"start":{"line":5,"column":2},"end":{"line":5,"column":42}},"2":{"start":{"line":6,"column":22},"end":{"line":6,"column":51}},"3":{"start":{"line":7,"column":2},"end":{"line":11,"column":3}},"4":{"start":{"line":8,"column":4},"end":{"line":8,"column":33}},"5":{"start":{"line":10,"column":4},"end":{"line":10,"column":33}},"6":{"start":{"line":15,"column":35},"end":{"line":31,"column":1}},"7":{"start":{"line":16,"column":2},"end":{"line":23,"column":4}},"8":{"start":{"line":24,"column":2},"end":{"line":26,"column":3}},"9":{"start":{"line":25,"column":4},"end":{"line":25,"column":36}},"10":{"start":{"line":27,"column":2},"end":{"line":29,"column":3}},"11":{"start":{"line":28,"column":4},"end":{"line":28,"column":34}},"12":{"start":{"line":30,"column":2},"end":{"line":30,"column":31}}},"fnMap":{"0":{"name":"(anonymous_0)","decl":{"start":{"line":4,"column":25},"end":{"line":4,"column":26}},"loc":{"start":{"line":4,"column":37},"end":{"line":12,"column":1}},"line":4},"1":{"name":"(anonymous_1)","decl":{"start":{"line":15,"column":35},"end":{"line":15,"column":36}},"loc":{"start":{"line":15,"column":54},"end":{"line":31,"column":1}},"line":15}},"branchMap":{"0":{"loc":{"start":{"line":7,"column":2},"end":{"line":11,"column":3}},"type":"if","locations":[{"start":{"line":7,"column":2},"end":{"line":11,"column":3}},{"start":{"line":9,"column":9},"end":{"line":11,"column":3}}],"line":7},"1":{"loc":{"start":{"line":7,"column":6},"end":{"line":7,"column":73}},"type":"binary-expr","locations":[{"start":{"line":7,"column":6},"end":{"line":7,"column":35}},{"start":{"line":7,"column":39},"end":{"line":7,"column":73}}],"line":7},"2":{"loc":{"start":{"line":24,"column":2},"end":{"line":26,"column":3}},"type":"if","locations":[{"start":{"line":24,"column":2},"end":{"line":26,"column":3}},{"start":{},"end":{}}],"line":24},"3":{"loc":{"start":{"line":27,"column":2},"end":{"line":29,"column":3}},"type":"if","locations":[{"start":{"line":27,"column":2},"end":{"line":29,"column":3}},{"start":{},"end":{}}],"line":27}},"s":{"0":2,"1":2,"2":2,"3":0,"4":0,"5":0,"6":2,"7":2,"8":2,"9":1,"10":1,"11":1,"12":0},"f":{"0":2,"1":2},"b":{"0":[0,0],"1":[0,0],"2":[1,1],"3":[1,0]},"_coverageSchema":"1a1c01bbd47fc00a2c39e90264f33305004495a9","hash":"e5e863f17a1c48698107732cb79f0839d863986e"}
,"C:\\Users\\TiZZAR\\Desktop\\projects\\naf\\src\\shared\\utils\\validateContext.tsx": {"path":"C:\\Users\\TiZZAR\\Desktop\\projects\\naf\\src\\shared\\utils\\validateContext.tsx","statementMap":{"0":{"start":{"line":6,"column":2},"end":{"line":8,"column":3}},"1":{"start":{"line":7,"column":4},"end":{"line":7,"column":62}},"2":{"start":{"line":9,"column":2},"end":{"line":9,"column":17}}},"fnMap":{"0":{"name":"validateContext","decl":{"start":{"line":1,"column":16},"end":{"line":1,"column":31}},"loc":{"start":{"line":5,"column":5},"end":{"line":10,"column":1}},"line":5}},"branchMap":{"0":{"loc":{"start":{"line":6,"column":2},"end":{"line":8,"column":3}},"type":"if","locations":[{"start":{"line":6,"column":2},"end":{"line":8,"column":3}},{"start":{},"end":{}}],"line":6}},"s":{"0":250,"1":1,"2":249},"f":{"0":250},"b":{"0":[1,249]},"_coverageSchema":"1a1c01bbd47fc00a2c39e90264f33305004495a9","hash":"e7f6e5b4509e10166930f1a82257354f36a38fb2"}
}
