{"C:\\Users\\TiZZAR\\Desktop\\projects\\naf\\src\\components\\Helpers\\HorizontalView.tsx": {"path":"C:\\Users\\TiZZAR\\Desktop\\projects\\naf\\src\\components\\Helpers\\HorizontalView.tsx","statementMap":{"0":{"start":{"line":5,"column":24},"end":{"line":5,"column":52}},"1":{"start":{"line":6,"column":30},"end":{"line":9,"column":3}},"2":{"start":{"line":10,"column":2},"end":{"line":10,"column":53}}},"fnMap":{"0":{"name":"HorizontalView","decl":{"start":{"line":4,"column":16},"end":{"line":4,"column":30}},"loc":{"start":{"line":4,"column":49},"end":{"line":11,"column":1}},"line":4}},"branchMap":{"0":{"loc":{"start":{"line":5,"column":24},"end":{"line":5,"column":52}},"type":"binary-expr","locations":[{"start":{"line":5,"column":24},"end":{"line":5,"column":46}},{"start":{"line":5,"column":50},"end":{"line":5,"column":52}}],"line":5}},"s":{"0":1,"1":1,"2":1},"f":{"0":1},"b":{"0":[1,1]},"_coverageSchema":"1a1c01bbd47fc00a2c39e90264f33305004495a9","hash":"cb2716481379171ae8b747eee3f2259262b1b1e3"}
,"C:\\Users\\TiZZAR\\Desktop\\projects\\naf\\src\\components\\Helpers\\OnlyShow.tsx": {"path":"C:\\Users\\TiZZAR\\Desktop\\projects\\naf\\src\\components\\Helpers\\OnlyShow.tsx","statementMap":{"0":{"start":{"line":10,"column":2},"end":{"line":10,"column":37}}},"fnMap":{"0":{"name":"OnlyShow","decl":{"start":{"line":3,"column":16},"end":{"line":3,"column":24}},"loc":{"start":{"line":9,"column":3},"end":{"line":11,"column":1}},"line":9}},"branchMap":{"0":{"loc":{"start":{"line":10,"column":9},"end":{"line":10,"column":36}},"type":"cond-expr","locations":[{"start":{"line":10,"column":14},"end":{"line":10,"column":29}},{"start":{"line":10,"column":32},"end":{"line":10,"column":36}}],"line":10}},"s":{"0":13},"f":{"0":13},"b":{"0":[2,11]},"_coverageSchema":"1a1c01bbd47fc00a2c39e90264f33305004495a9","hash":"71cb4795edac9aa78a7192d11569ff46fdd984a9"}
,"C:\\Users\\TiZZAR\\Desktop\\projects\\naf\\src\\pages\\LoginPage.tsx": {"path":"C:\\Users\\TiZZAR\\Desktop\\projects\\naf\\src\\pages\\LoginPage.tsx","statementMap":{"0":{"start":{"line":19,"column":17},"end":{"line":19,"column":44}},"1":{"start":{"line":20,"column":38},"end":{"line":20,"column":70}},"2":{"start":{"line":20,"column":53},"end":{"line":20,"column":69}},"3":{"start":{"line":21,"column":32},"end":{"line":21,"column":47}},"4":{"start":{"line":22,"column":30},"end":{"line":22,"column":68}},"5":{"start":{"line":23,"column":28},"end":{"line":23,"column":65}},"6":{"start":{"line":24,"column":46},"end":{"line":24,"column":60}},"7":{"start":{"line":26,"column":2},"end":{"line":32,"column":31}},"8":{"start":{"line":27,"column":4},"end":{"line":31,"column":5}},"9":{"start":{"line":28,"column":6},"end":{"line":28,"column":28}},"10":{"start":{"line":30,"column":6},"end":{"line":30,"column":29}},"11":{"start":{"line":34,"column":2},"end":{"line":39,"column":25}},"12":{"start":{"line":35,"column":4},"end":{"line":38,"column":5}},"13":{"start":{"line":36,"column":6},"end":{"line":36,"column":38}},"14":{"start":{"line":37,"column":6},"end":{"line":37,"column":24}},"15":{"start":{"line":41,"column":23},"end":{"line":48,"column":3}},"16":{"start":{"line":42,"column":4},"end":{"line":42,"column":21}},"17":{"start":{"line":43,"column":4},"end":{"line":43,"column":29}},"18":{"start":{"line":44,"column":4},"end":{"line":47,"column":7}},"19":{"start":{"line":50,"column":2},"end":{"line":98,"column":4}},"20":{"start":{"line":55,"column":30},"end":{"line":55,"column":44}},"21":{"start":{"line":65,"column":30},"end":{"line":65,"column":45}},"22":{"start":{"line":101,"column":19},"end":{"line":117,"column":4}},"23":{"start":{"line":102,"column":2},"end":{"line":117,"column":4}}},"fnMap":{"0":{"name":"Login","decl":{"start":{"line":18,"column":16},"end":{"line":18,"column":21}},"loc":{"start":{"line":18,"column":36},"end":{"line":99,"column":1}},"line":18},"1":{"name":"(anonymous_1)","decl":{"start":{"line":20,"column":47},"end":{"line":20,"column":48}},"loc":{"start":{"line":20,"column":53},"end":{"line":20,"column":69}},"line":20},"2":{"name":"(anonymous_2)","decl":{"start":{"line":26,"column":12},"end":{"line":26,"column":13}},"loc":{"start":{"line":26,"column":18},"end":{"line":32,"column":3}},"line":26},"3":{"name":"(anonymous_3)","decl":{"start":{"line":34,"column":12},"end":{"line":34,"column":13}},"loc":{"start":{"line":34,"column":18},"end":{"line":39,"column":3}},"line":34},"4":{"name":"(anonymous_4)","decl":{"start":{"line":41,"column":23},"end":{"line":41,"column":24}},"loc":{"start":{"line":41,"column":29},"end":{"line":48,"column":3}},"line":41},"5":{"name":"(anonymous_5)","decl":{"start":{"line":55,"column":22},"end":{"line":55,"column":23}},"loc":{"start":{"line":55,"column":30},"end":{"line":55,"column":44}},"line":55},"6":{"name":"(anonymous_6)","decl":{"start":{"line":65,"column":22},"end":{"line":65,"column":23}},"loc":{"start":{"line":65,"column":30},"end":{"line":65,"column":45}},"line":65},"7":{"name":"(anonymous_7)","decl":{"start":{"line":101,"column":19},"end":{"line":101,"column":20}},"loc":{"start":{"line":102,"column":2},"end":{"line":117,"column":4}},"line":102}},"branchMap":{"0":{"loc":{"start":{"line":27,"column":4},"end":{"line":31,"column":5}},"type":"if","locations":[{"start":{"line":27,"column":4},"end":{"line":31,"column":5}},{"start":{"line":29,"column":11},"end":{"line":31,"column":5}}],"line":27},"1":{"loc":{"start":{"line":27,"column":8},"end":{"line":27,"column":36}},"type":"binary-expr","locations":[{"start":{"line":27,"column":8},"end":{"line":27,"column":15}},{"start":{"line":27,"column":19},"end":{"line":27,"column":25}},{"start":{"line":27,"column":29},"end":{"line":27,"column":36}}],"line":27},"2":{"loc":{"start":{"line":35,"column":4},"end":{"line":38,"column":5}},"type":"if","locations":[{"start":{"line":35,"column":4},"end":{"line":38,"column":5}},{"start":{},"end":{}}],"line":35},"3":{"loc":{"start":{"line":84,"column":13},"end":{"line":84,"column":79}},"type":"cond-expr","locations":[{"start":{"line":84,"column":43},"end":{"line":84,"column":56}},{"start":{"line":84,"column":59},"end":{"line":84,"column":79}}],"line":84}},"s":{"0":16,"1":16,"2":5,"3":16,"4":16,"5":16,"6":16,"7":16,"8":10,"9":8,"10":2,"11":16,"12":5,"13":2,"14":2,"15":16,"16":1,"17":1,"18":1,"19":16,"20":1,"21":3,"22":1,"23":16},"f":{"0":16,"1":5,"2":10,"3":5,"4":1,"5":1,"6":3,"7":16},"b":{"0":[8,2],"1":[10,4,3],"2":[2,3],"3":[1,15]},"_coverageSchema":"1a1c01bbd47fc00a2c39e90264f33305004495a9","hash":"0490d6bffe98d71ce7cf7cd55d08029e4d57c4b0"}
,"C:\\Users\\TiZZAR\\Desktop\\projects\\naf\\src\\pages\\Login\\repository.tsx": {"path":"C:\\Users\\TiZZAR\\Desktop\\projects\\naf\\src\\pages\\Login\\repository.tsx","statementMap":{"0":{"start":{"line":10,"column":32},"end":{"line":13,"column":5}},"1":{"start":{"line":14,"column":4},"end":{"line":15,"column":63}},"2":{"start":{"line":16,"column":4},"end":{"line":34,"column":5}},"3":{"start":{"line":17,"column":23},"end":{"line":20,"column":8}},"4":{"start":{"line":21,"column":6},"end":{"line":30,"column":7}},"5":{"start":{"line":22,"column":21},"end":{"line":22,"column":42}},"6":{"start":{"line":23,"column":33},"end":{"line":26,"column":9}},"7":{"start":{"line":27,"column":8},"end":{"line":27,"column":23}},"8":{"start":{"line":28,"column":13},"end":{"line":30,"column":7}},"9":{"start":{"line":29,"column":8},"end":{"line":29,"column":15}},"10":{"start":{"line":31,"column":6},"end":{"line":31,"column":59}},"11":{"start":{"line":33,"column":6},"end":{"line":33,"column":33}},"12":{"start":{"line":35,"column":4},"end":{"line":35,"column":11}}},"fnMap":{"0":{"name":"(anonymous_0)","decl":{"start":{"line":5,"column":2},"end":{"line":5,"column":3}},"loc":{"start":{"line":9,"column":34},"end":{"line":36,"column":3}},"line":9}},"branchMap":{"0":{"loc":{"start":{"line":14,"column":4},"end":{"line":15,"column":62}},"type":"binary-expr","locations":[{"start":{"line":14,"column":4},"end":{"line":14,"column":23}},{"start":{"line":15,"column":6},"end":{"line":15,"column":62}}],"line":14},"1":{"loc":{"start":{"line":21,"column":6},"end":{"line":30,"column":7}},"type":"if","locations":[{"start":{"line":21,"column":6},"end":{"line":30,"column":7}},{"start":{"line":28,"column":13},"end":{"line":30,"column":7}}],"line":21},"2":{"loc":{"start":{"line":28,"column":13},"end":{"line":30,"column":7}},"type":"if","locations":[{"start":{"line":28,"column":13},"end":{"line":30,"column":7}},{"start":{},"end":{}}],"line":28}},"s":{"0":6,"1":6,"2":6,"3":6,"4":5,"5":1,"6":1,"7":1,"8":4,"9":3,"10":1,"11":1,"12":2},"f":{"0":6},"b":{"0":[6,4],"1":[1,4],"2":[3,1]},"_coverageSchema":"1a1c01bbd47fc00a2c39e90264f33305004495a9","hash":"79231945e1c1f492857ab177be28f6a4716ddeeb"}
,"C:\\Users\\TiZZAR\\Desktop\\projects\\naf\\src\\services\\FileManagerHelper.tsx": {"path":"C:\\Users\\TiZZAR\\Desktop\\projects\\naf\\src\\services\\FileManagerHelper.tsx","statementMap":{"0":{"start":{"line":2,"column":20},"end":{"line":2,"column":28}},"1":{"start":{"line":3,"column":20},"end":{"line":3,"column":27}},"2":{"start":{"line":4,"column":20},"end":{"line":4,"column":27}},"3":{"start":{"line":5,"column":21},"end":{"line":5,"column":29}},"4":{"start":{"line":6,"column":53},"end":{"line":13,"column":3}},"5":{"start":{"line":15,"column":52},"end":{"line":23,"column":3}},"6":{"start":{"line":25,"column":12},"end":{"line":25,"column":14}},"7":{"start":{"line":27,"column":4},"end":{"line":27,"column":27}},"8":{"start":{"line":31,"column":4},"end":{"line":34,"column":48}},"9":{"start":{"line":38,"column":4},"end":{"line":40,"column":5}},"10":{"start":{"line":39,"column":6},"end":{"line":39,"column":16}},"11":{"start":{"line":41,"column":23},"end":{"line":41,"column":66}},"12":{"start":{"line":42,"column":4},"end":{"line":42,"column":28}},"13":{"start":{"line":46,"column":4},"end":{"line":48,"column":5}},"14":{"start":{"line":47,"column":6},"end":{"line":47,"column":61}},"15":{"start":{"line":50,"column":20},"end":{"line":50,"column":64}},"16":{"start":{"line":51,"column":4},"end":{"line":53,"column":5}},"17":{"start":{"line":52,"column":6},"end":{"line":52,"column":42}},"18":{"start":{"line":55,"column":4},"end":{"line":55,"column":59}}},"fnMap":{"0":{"name":"(anonymous_0)","decl":{"start":{"line":26,"column":2},"end":{"line":26,"column":3}},"loc":{"start":{"line":26,"column":31},"end":{"line":28,"column":3}},"line":26},"1":{"name":"(anonymous_1)","decl":{"start":{"line":30,"column":2},"end":{"line":30,"column":3}},"loc":{"start":{"line":30,"column":57},"end":{"line":35,"column":3}},"line":30},"2":{"name":"(anonymous_2)","decl":{"start":{"line":37,"column":2},"end":{"line":37,"column":3}},"loc":{"start":{"line":37,"column":39},"end":{"line":43,"column":3}},"line":37},"3":{"name":"(anonymous_3)","decl":{"start":{"line":45,"column":2},"end":{"line":45,"column":3}},"loc":{"start":{"line":45,"column":47},"end":{"line":56,"column":3}},"line":45}},"branchMap":{"0":{"loc":{"start":{"line":38,"column":4},"end":{"line":40,"column":5}},"type":"if","locations":[{"start":{"line":38,"column":4},"end":{"line":40,"column":5}},{"start":{},"end":{}}],"line":38},"1":{"loc":{"start":{"line":42,"column":11},"end":{"line":42,"column":27}},"type":"binary-expr","locations":[{"start":{"line":42,"column":11},"end":{"line":42,"column":21}},{"start":{"line":42,"column":25},"end":{"line":42,"column":27}}],"line":42},"2":{"loc":{"start":{"line":46,"column":4},"end":{"line":48,"column":5}},"type":"if","locations":[{"start":{"line":46,"column":4},"end":{"line":48,"column":5}},{"start":{},"end":{}}],"line":46},"3":{"loc":{"start":{"line":51,"column":4},"end":{"line":53,"column":5}},"type":"if","locations":[{"start":{"line":51,"column":4},"end":{"line":53,"column":5}},{"start":{},"end":{}}],"line":51}},"s":{"0":1,"1":1,"2":1,"3":1,"4":1,"5":1,"6":1,"7":1,"8":0,"9":8,"10":1,"11":7,"12":7,"13":5,"14":1,"15":4,"16":4,"17":3,"18":1},"f":{"0":1,"1":0,"2":8,"3":5},"b":{"0":[1,7],"1":[7,1],"2":[1,4],"3":[3,1]},"_coverageSchema":"1a1c01bbd47fc00a2c39e90264f33305004495a9","hash":"32d2eae3d326d31996fd779a8321dfb7adaeca49"}
,"C:\\Users\\TiZZAR\\Desktop\\projects\\naf\\src\\shared\\providers\\theme.tsx": {"path":"C:\\Users\\TiZZAR\\Desktop\\projects\\naf\\src\\shared\\providers\\theme.tsx","statementMap":{"0":{"start":{"line":26,"column":69},"end":{"line":30,"column":1}},"1":{"start":{"line":32,"column":29},"end":{"line":44,"column":1}},"2":{"start":{"line":45,"column":30},"end":{"line":57,"column":1}},"3":{"start":{"line":59,"column":21},"end":{"line":59,"column":75}},"4":{"start":{"line":62,"column":22},"end":{"line":62,"column":38}},"5":{"start":{"line":63,"column":23},"end":{"line":63,"column":45}},"6":{"start":{"line":64,"column":26},"end":{"line":73,"column":3}},"7":{"start":{"line":65,"column":4},"end":{"line":72,"column":5}},"8":{"start":{"line":67,"column":8},"end":{"line":67,"column":26}},"9":{"start":{"line":69,"column":8},"end":{"line":69,"column":25}},"10":{"start":{"line":71,"column":8},"end":{"line":71,"column":53}},"11":{"start":{"line":75,"column":4},"end":{"line":75,"column":44}},"12":{"start":{"line":76,"column":31},"end":{"line":78,"column":3}},"13":{"start":{"line":77,"column":4},"end":{"line":77,"column":24}},"14":{"start":{"line":80,"column":24},"end":{"line":84,"column":3}},"15":{"start":{"line":86,"column":2},"end":{"line":90,"column":4}},"16":{"start":{"line":93,"column":17},"end":{"line":96,"column":1}},"17":{"start":{"line":94,"column":18},"end":{"line":94,"column":42}},"18":{"start":{"line":95,"column":2},"end":{"line":95,"column":63}},"19":{"start":{"line":98,"column":24},"end":{"line":101,"column":1}},"20":{"start":{"line":99,"column":18},"end":{"line":99,"column":28}},"21":{"start":{"line":100,"column":2},"end":{"line":100,"column":23}}},"fnMap":{"0":{"name":"ThemeProvider","decl":{"start":{"line":61,"column":9},"end":{"line":61,"column":22}},"loc":{"start":{"line":61,"column":58},"end":{"line":91,"column":1}},"line":61},"1":{"name":"(anonymous_1)","decl":{"start":{"line":64,"column":26},"end":{"line":64,"column":27}},"loc":{"start":{"line":64,"column":48},"end":{"line":73,"column":3}},"line":64},"2":{"name":"(anonymous_2)","decl":{"start":{"line":76,"column":31},"end":{"line":76,"column":32}},"loc":{"start":{"line":76,"column":53},"end":{"line":78,"column":3}},"line":76},"3":{"name":"(anonymous_3)","decl":{"start":{"line":93,"column":17},"end":{"line":93,"column":18}},"loc":{"start":{"line":93,"column":41},"end":{"line":96,"column":1}},"line":93},"4":{"name":"(anonymous_4)","decl":{"start":{"line":98,"column":24},"end":{"line":98,"column":25}},"loc":{"start":{"line":98,"column":63},"end":{"line":101,"column":1}},"line":98}},"branchMap":{"0":{"loc":{"start":{"line":65,"column":4},"end":{"line":72,"column":5}},"type":"switch","locations":[{"start":{"line":66,"column":6},"end":{"line":67,"column":26}},{"start":{"line":68,"column":6},"end":{"line":69,"column":25}},{"start":{"line":70,"column":6},"end":{"line":71,"column":53}}],"line":65},"1":{"loc":{"start":{"line":71,"column":15},"end":{"line":71,"column":52}},"type":"cond-expr","locations":[{"start":{"line":71,"column":30},"end":{"line":71,"column":39}},{"start":{"line":71,"column":42},"end":{"line":71,"column":52}}],"line":71}},"s":{"0":2,"1":2,"2":2,"3":2,"4":11,"5":11,"6":11,"7":11,"8":1,"9":1,"10":9,"11":11,"12":11,"13":4,"14":11,"15":11,"16":2,"17":22,"18":22,"19":2,"20":16,"21":16},"f":{"0":11,"1":11,"2":4,"3":22,"4":16},"b":{"0":[1,1,9],"1":[3,6]},"_coverageSchema":"1a1c01bbd47fc00a2c39e90264f33305004495a9","hash":"d1ca2e70a41d4873d9cf1c935d71793273195695"}
,"C:\\Users\\TiZZAR\\Desktop\\projects\\naf\\src\\shared\\utils\\logger.tsx": {"path":"C:\\Users\\TiZZAR\\Desktop\\projects\\naf\\src\\shared\\utils\\logger.tsx","statementMap":{"0":{"start":{"line":2,"column":16},"end":{"line":2,"column":37}},"1":{"start":{"line":8,"column":2},"end":{"line":8,"column":25}}},"fnMap":{"0":{"name":"log","decl":{"start":{"line":3,"column":9},"end":{"line":3,"column":12}},"loc":{"start":{"line":7,"column":2},"end":{"line":9,"column":1}},"line":7}},"branchMap":{},"s":{"0":1,"1":2},"f":{"0":2},"b":{},"_coverageSchema":"1a1c01bbd47fc00a2c39e90264f33305004495a9","hash":"f85ca1cb1455252ccb0a4ba908b065f96a5dbbbe"}
,"C:\\Users\\TiZZAR\\Desktop\\projects\\naf\\src\\shared\\utils\\validateContext.tsx": {"path":"C:\\Users\\TiZZAR\\Desktop\\projects\\naf\\src\\shared\\utils\\validateContext.tsx","statementMap":{"0":{"start":{"line":6,"column":2},"end":{"line":8,"column":3}},"1":{"start":{"line":7,"column":4},"end":{"line":7,"column":62}},"2":{"start":{"line":9,"column":2},"end":{"line":9,"column":17}}},"fnMap":{"0":{"name":"validateContext","decl":{"start":{"line":1,"column":16},"end":{"line":1,"column":31}},"loc":{"start":{"line":5,"column":5},"end":{"line":10,"column":1}},"line":5}},"branchMap":{"0":{"loc":{"start":{"line":6,"column":2},"end":{"line":8,"column":3}},"type":"if","locations":[{"start":{"line":6,"column":2},"end":{"line":8,"column":3}},{"start":{},"end":{}}],"line":6}},"s":{"0":24,"1":1,"2":23},"f":{"0":24},"b":{"0":[1,23]},"_coverageSchema":"1a1c01bbd47fc00a2c39e90264f33305004495a9","hash":"e7f6e5b4509e10166930f1a82257354f36a38fb2"}
}
