TN:
SF:src\components\Helpers\HorizontalView.tsx
FN:4,HorizontalView
FNF:1
FNH:1
FNDA:1,HorizontalView
DA:5,1
DA:6,1
DA:10,1
LF:3
LH:3
BRDA:5,0,0,1
BRDA:5,0,1,1
BRF:2
BRH:2
end_of_record
TN:
SF:src\components\Helpers\OnlyShow.tsx
FN:3,OnlyShow
FNF:1
FNH:1
FNDA:13,OnlyShow
DA:10,13
LF:1
LH:1
BRDA:10,0,0,2
BRDA:10,0,1,11
BRF:2
BRH:2
end_of_record
TN:
SF:src\pages\Login\Login.tsx
FN:25,(anonymous_0)
FN:40,Login
FN:42,(anonymous_2)
FN:48,(anonymous_3)
FN:56,(anonymous_4)
FN:108,(anonymous_5)
FN:121,(anonymous_6)
FN:134,(anonymous_7)
FNF:8
FNH:8
FNDA:16,(anonymous_0)
FNDA:16,Login
FNDA:5,(anonymous_2)
FNDA:10,(anonymous_3)
FNDA:1,(anonymous_4)
FNDA:12,(anonymous_5)
FNDA:4,(anonymous_6)
FNDA:28,(anonymous_7)
DA:25,1
DA:26,16
DA:28,0
DA:30,1
DA:32,1
DA:34,0
DA:36,14
DA:41,16
DA:42,16
DA:43,16
DA:44,16
DA:45,16
DA:46,16
DA:48,16
DA:49,10
DA:50,8
DA:52,2
DA:56,16
DA:57,1
DA:58,1
DA:59,1
DA:65,16
DA:108,1
DA:116,12
DA:117,12
DA:121,4
DA:132,1
DA:134,1
DA:135,28
LF:29
LH:27
BRDA:26,0,0,0
BRDA:26,0,1,1
BRDA:26,0,2,1
BRDA:26,0,3,0
BRDA:26,0,4,14
BRDA:49,1,0,8
BRDA:49,1,1,2
BRDA:49,2,0,10
BRDA:49,2,1,4
BRDA:49,2,2,3
BRF:10
BRH:8
end_of_record
TN:
SF:src\pages\Login\repository\remote.tsx
FN:6,(anonymous_0)
FNF:1
FNH:1
FNDA:5,(anonymous_0)
DA:11,5
DA:15,5
DA:18,5
DA:19,5
DA:23,5
DA:24,1
DA:25,1
DA:29,1
DA:30,4
DA:31,3
DA:34,0
DA:35,0
DA:36,0
DA:38,0
DA:41,1
DA:42,0
DA:44,1
LF:17
LH:12
BRDA:15,0,0,5
BRDA:15,0,1,3
BRDA:23,1,0,1
BRDA:23,1,1,4
BRDA:30,2,0,3
BRDA:30,2,1,1
BRDA:35,3,0,0
BRDA:35,3,1,0
BRDA:41,4,0,0
BRDA:41,4,1,1
BRF:10
BRH:7
end_of_record
TN:
SF:src\services\FileManagerHelper.tsx
FN:26,(anonymous_0)
FN:30,(anonymous_1)
FN:37,(anonymous_2)
FN:45,(anonymous_3)
FNF:4
FNH:3
FNDA:1,(anonymous_0)
FNDA:0,(anonymous_1)
FNDA:8,(anonymous_2)
FNDA:5,(anonymous_3)
DA:2,1
DA:3,1
DA:4,1
DA:5,1
DA:6,1
DA:15,1
DA:25,1
DA:27,1
DA:31,0
DA:38,8
DA:39,1
DA:41,7
DA:42,7
DA:46,5
DA:47,1
DA:50,4
DA:51,4
DA:52,3
DA:55,1
LF:19
LH:18
BRDA:38,0,0,1
BRDA:38,0,1,7
BRDA:42,1,0,7
BRDA:42,1,1,1
BRDA:46,2,0,1
BRDA:46,2,1,4
BRDA:51,3,0,3
BRDA:51,3,1,1
BRF:8
BRH:8
end_of_record
TN:
SF:src\shared\components\PageBackground.tsx
FN:10,PageBackground
FN:15,(anonymous_1)
FNF:2
FNH:2
FNDA:13,PageBackground
FNDA:13,(anonymous_1)
DA:11,13
DA:12,13
DA:15,1
DA:16,13
LF:4
LH:4
BRF:0
BRH:0
end_of_record
TN:
SF:src\shared\providers\theme.tsx
FN:61,ThemeProvider
FN:64,(anonymous_1)
FN:76,(anonymous_2)
FN:93,(anonymous_3)
FN:98,(anonymous_4)
FNF:5
FNH:5
FNDA:11,ThemeProvider
FNDA:11,(anonymous_1)
FNDA:4,(anonymous_2)
FNDA:47,(anonymous_3)
FNDA:41,(anonymous_4)
DA:26,2
DA:32,2
DA:45,2
DA:59,2
DA:62,11
DA:63,11
DA:64,11
DA:65,11
DA:67,1
DA:69,1
DA:71,9
DA:75,11
DA:76,11
DA:77,4
DA:80,11
DA:86,11
DA:93,2
DA:94,47
DA:95,47
DA:98,2
DA:99,41
DA:100,41
LF:22
LH:22
BRDA:65,0,0,1
BRDA:65,0,1,1
BRDA:65,0,2,9
BRDA:71,1,0,3
BRDA:71,1,1,6
BRF:5
BRH:5
end_of_record
TN:
SF:src\shared\utils\logger.tsx
FN:3,log
FNF:1
FNH:0
FNDA:0,log
DA:2,1
DA:8,0
LF:2
LH:1
BRF:0
BRH:0
end_of_record
TN:
SF:src\shared\utils\validateContext.tsx
FN:1,validateContext
FNF:1
FNH:1
FNDA:49,validateContext
DA:6,49
DA:7,1
DA:9,48
LF:3
LH:3
BRDA:6,0,0,1
BRDA:6,0,1,48
BRF:2
BRH:2
end_of_record
