TN:
SF:__tests__\mockdata\chat.js
FN:6,createRandomChat
FN:25,(anonymous_1)
FNF:2
FNH:2
FNDA:120,createRandomChat
FNDA:120,(anonymous_1)
DA:2,4
DA:3,4
DA:4,4
DA:5,4
DA:7,120
DA:25,4
DA:26,120
DA:27,120
LF:8
LH:8
BRF:0
BRH:0
end_of_record
TN:
SF:__tests__\mockdata\profile.js
FN:5,createRandomProfile
FNF:1
FNH:1
FNDA:1,createRandomProfile
DA:2,1
DA:3,1
DA:4,1
DA:6,1
DA:24,1
LF:5
LH:5
BRF:0
BRH:0
end_of_record
TN:
SF:__tests__\unit\utils\themed.tsx
FN:4,(anonymous_0)
FNF:1
FNH:1
FNDA:22,(anonymous_0)
DA:4,22
LF:1
LH:1
BRF:0
BRH:0
end_of_record
TN:
SF:src\pages\Chat\Chat.tsx
FN:15,(anonymous_0)
FNF:1
FNH:1
FNDA:2,(anonymous_0)
DA:16,2
DA:17,2
LF:2
LH:2
BRF:0
BRH:0
end_of_record
TN:
SF:src\pages\ChatProfile\ChatProfile.tsx
FN:17,(anonymous_0)
FN:19,(anonymous_1)
FN:31,(anonymous_2)
FN:34,(anonymous_3)
FNF:4
FNH:4
FNDA:6,(anonymous_0)
FNDA:5,(anonymous_1)
FNDA:1,(anonymous_2)
FNDA:1,(anonymous_3)
DA:18,6
DA:19,6
DA:20,5
DA:21,1
DA:24,6
DA:32,1
DA:35,1
DA:36,1
LF:8
LH:8
BRDA:20,0,0,1
BRDA:20,0,1,4
BRF:2
BRH:2
end_of_record
TN:
SF:src\pages\ChatProfile\repository\remote.tsx
FN:9,(anonymous_0)
FN:26,(anonymous_1)
FNF:2
FNH:1
FNDA:1,(anonymous_0)
FNDA:0,(anonymous_1)
DA:14,1
DA:20,1
DA:21,1
DA:22,1
DA:26,0
DA:29,1
DA:30,1
DA:33,0
DA:35,0
DA:36,0
LF:10
LH:6
BRDA:26,0,0,0
BRDA:26,0,1,0
BRDA:29,1,0,1
BRDA:29,1,1,0
BRF:4
BRH:1
end_of_record
TN:
SF:src\pages\Home\Home.tsx
FN:16,(anonymous_0)
FN:27,(anonymous_1)
FN:32,(anonymous_2)
FN:58,(anonymous_3)
FNF:4
FNH:4
FNDA:20,(anonymous_0)
FNDA:1,(anonymous_1)
FNDA:5,(anonymous_2)
FNDA:20,(anonymous_3)
DA:16,1
DA:23,20
DA:27,1
DA:38,5
DA:39,5
DA:59,20
LF:6
LH:6
BRF:0
BRH:0
end_of_record
TN:
SF:src\pages\Login\Login.tsx
FN:25,(anonymous_0)
FN:40,Login
FN:47,(anonymous_2)
FN:55,(anonymous_3)
FN:60,(anonymous_4)
FN:65,(anonymous_5)
FN:118,(anonymous_6)
FN:131,(anonymous_7)
FN:144,(anonymous_8)
FNF:9
FNH:9
FNDA:29,(anonymous_0)
FNDA:23,Login
FNDA:13,(anonymous_2)
FNDA:7,(anonymous_3)
FNDA:7,(anonymous_4)
FNDA:1,(anonymous_5)
FNDA:16,(anonymous_6)
FNDA:4,(anonymous_7)
FNDA:39,(anonymous_8)
DA:25,2
DA:26,29
DA:28,2
DA:30,2
DA:32,3
DA:34,2
DA:36,20
DA:41,23
DA:42,23
DA:43,23
DA:44,23
DA:45,23
DA:47,23
DA:48,13
DA:49,11
DA:51,2
DA:55,23
DA:56,7
DA:57,7
DA:60,23
DA:61,7
DA:62,7
DA:65,23
DA:66,1
DA:67,1
DA:68,1
DA:74,23
DA:75,23
DA:118,2
DA:126,16
DA:127,16
DA:131,4
DA:142,2
DA:144,2
DA:145,39
LF:35
LH:35
BRDA:26,0,0,2
BRDA:26,0,1,2
BRDA:26,0,2,3
BRDA:26,0,3,2
BRDA:26,0,4,20
BRDA:48,1,0,11
BRDA:48,1,1,2
BRDA:48,2,0,13
BRDA:48,2,1,4
BRDA:48,2,2,3
BRF:10
BRH:10
end_of_record
TN:
SF:src\pages\Login\repository\remote.tsx
FN:11,(anonymous_0)
FN:29,(anonymous_1)
FNF:2
FNH:1
FNDA:8,(anonymous_0)
FNDA:0,(anonymous_1)
DA:16,8
DA:21,8
DA:22,6
DA:26,8
DA:27,8
DA:29,0
DA:31,6
DA:32,1
DA:33,1
DA:37,1
DA:38,5
DA:39,3
DA:42,2
DA:44,2
DA:45,0
LF:15
LH:13
BRDA:21,0,0,6
BRDA:21,0,1,2
BRDA:29,1,0,0
BRDA:29,1,1,0
BRDA:31,2,0,1
BRDA:31,2,1,5
BRDA:38,3,0,3
BRDA:38,3,1,2
BRF:8
BRH:6
end_of_record
TN:
SF:src\pages\MyProfile\MyProfile.tsx
FN:12,(anonymous_0)
FN:20,(anonymous_1)
FNF:2
FNH:2
FNDA:3,(anonymous_0)
FNDA:1,(anonymous_1)
DA:13,3
DA:20,1
LF:2
LH:2
BRF:0
BRH:0
end_of_record
TN:
SF:src\pages\Preferences\Preferences.tsx
FN:13,Preferences
FN:29,(anonymous_1)
FNF:2
FNH:2
FNDA:1,Preferences
FNDA:1,(anonymous_1)
DA:14,1
DA:15,1
DA:29,1
DA:30,1
LF:4
LH:4
BRF:0
BRH:0
end_of_record
TN:
SF:src\pages\Preferences\ThemePreferences.tsx
FN:7,ThemePreferences
FN:17,ThemedToggleButton
FN:47,(anonymous_2)
FNF:3
FNH:3
FNDA:4,ThemePreferences
FNDA:12,ThemedToggleButton
FNDA:3,(anonymous_2)
DA:8,4
DA:18,12
DA:19,12
DA:24,12
DA:30,12
DA:31,12
DA:41,12
DA:47,3
LF:8
LH:8
BRDA:30,0,0,4
BRDA:30,0,1,8
BRF:2
BRH:2
end_of_record
TN:
SF:src\shared\styles.tsx
FN:19,(anonymous_0)
FNF:1
FNH:1
FNDA:19,(anonymous_0)
DA:3,6
DA:19,6
DA:20,19
LF:3
LH:3
BRF:0
BRH:0
end_of_record
TN:
SF:src\shared\components\BackToHomeNavigationBar.tsx
FN:11,(anonymous_0)
FNF:1
FNH:1
FNDA:12,(anonymous_0)
DA:12,12
DA:13,12
LF:2
LH:2
BRF:0
BRH:0
end_of_record
TN:
SF:src\shared\components\HorizontalView.tsx
FN:4,HorizontalView
FNF:1
FNH:1
FNDA:5,HorizontalView
DA:5,5
DA:6,5
DA:10,5
LF:3
LH:3
BRDA:5,0,0,5
BRDA:5,0,1,5
BRF:2
BRH:2
end_of_record
TN:
SF:src\shared\components\OnlyShow.tsx
FN:3,OnlyShow
FNF:1
FNH:1
FNDA:28,OnlyShow
DA:10,28
LF:1
LH:1
BRDA:10,0,0,6
BRDA:10,0,1,22
BRF:2
BRH:2
end_of_record
TN:
SF:src\shared\components\PageBackground.tsx
FN:12,PageBackground
FN:21,(anonymous_1)
FNF:2
FNH:2
FNDA:38,PageBackground
FNDA:38,(anonymous_1)
DA:13,38
DA:14,38
DA:21,7
DA:22,38
LF:4
LH:4
BRF:0
BRH:0
end_of_record
TN:
SF:src\shared\providers\theme.tsx
FN:61,ThemeProvider
FN:64,(anonymous_1)
FN:76,(anonymous_2)
FN:93,(anonymous_3)
FN:98,(anonymous_4)
FNF:5
FNH:5
FNDA:35,ThemeProvider
FNDA:35,(anonymous_1)
FNDA:4,(anonymous_2)
FNDA:115,(anonymous_3)
FNDA:97,(anonymous_4)
DA:26,10
DA:32,10
DA:45,10
DA:59,10
DA:62,35
DA:63,35
DA:64,35
DA:65,35
DA:67,1
DA:69,1
DA:71,33
DA:75,35
DA:76,35
DA:77,4
DA:80,35
DA:86,35
DA:93,10
DA:94,115
DA:95,115
DA:98,10
DA:99,97
DA:100,97
LF:22
LH:22
BRDA:65,0,0,1
BRDA:65,0,1,1
BRDA:65,0,2,33
BRDA:71,1,0,3
BRDA:71,1,1,30
BRF:5
BRH:5
end_of_record
TN:
SF:src\shared\routes\server.tsx
FNF:0
FNH:0
DA:1,2
LF:1
LH:1
BRF:0
BRH:0
end_of_record
TN:
SF:src\shared\utils\logger.tsx
FN:3,log
FNF:1
FNH:1
FNDA:4,log
DA:2,2
DA:8,4
LF:2
LH:2
BRF:0
BRH:0
end_of_record
TN:
SF:src\shared\utils\remoteRepository.tsx
FN:3,(anonymous_0)
FN:13,(anonymous_1)
FNF:2
FNH:2
FNDA:2,(anonymous_0)
FNDA:2,(anonymous_1)
DA:3,2
DA:4,2
DA:5,2
DA:6,0
DA:7,0
DA:9,0
DA:13,2
DA:14,2
DA:22,2
DA:23,1
DA:25,1
DA:26,1
DA:28,0
LF:13
LH:9
BRDA:6,0,0,0
BRDA:6,0,1,0
BRDA:6,1,0,0
BRDA:6,1,1,0
BRDA:22,2,0,1
BRDA:22,2,1,1
BRDA:25,3,0,1
BRDA:25,3,1,0
BRF:8
BRH:3
end_of_record
TN:
SF:src\shared\utils\validateContext.tsx
FN:1,validateContext
FNF:1
FNH:1
FNDA:117,validateContext
DA:6,117
DA:7,1
DA:9,116
LF:3
LH:3
BRDA:6,0,0,1
BRDA:6,0,1,116
BRF:2
BRH:2
end_of_record
